-------------------------------------------------------------------------------
Test set: ParametrizadoTest
-------------------------------------------------------------------------------
Tests run: 9, Failures: 0, Errors: 9, Skipped: 0, Time elapsed: 0.082 s <<< FAILURE! - in ParametrizadoTest
ParametrizadoTest.externalPalindromeMethodSource(String)[1]  Time elapsed: 0.009 s  <<< ERROR!
org.junit.jupiter.api.extension.ParameterResolutionException: No ParameterResolver registered for parameter [java.lang.String entrada] in constructor [public ParametrizadoTest(java.lang.String,boolean)].

ParametrizadoTest.externalPalindromeMethodSource(String)[2]  Time elapsed: 0 s  <<< ERROR!
org.junit.jupiter.api.extension.ParameterResolutionException: No ParameterResolver registered for parameter [java.lang.String entrada] in constructor [public ParametrizadoTest(java.lang.String,boolean)].

ParametrizadoTest.externalPalindromeMethodSource(String)[3]  Time elapsed: 0.001 s  <<< ERROR!
org.junit.jupiter.api.extension.ParameterResolutionException: No ParameterResolver registered for parameter [java.lang.String entrada] in constructor [public ParametrizadoTest(java.lang.String,boolean)].

ParametrizadoTest.nullEmptyAndBlankStrings(String)[1]  Time elapsed: 0 s  <<< ERROR!
org.junit.jupiter.api.extension.ParameterResolutionException: No ParameterResolver registered for parameter [java.lang.String entrada] in constructor [public ParametrizadoTest(java.lang.String,boolean)].

ParametrizadoTest.nullEmptyAndBlankStrings(String)[2]  Time elapsed: 0 s  <<< ERROR!
org.junit.jupiter.api.extension.ParameterResolutionException: No ParameterResolver registered for parameter [java.lang.String entrada] in constructor [public ParametrizadoTest(java.lang.String,boolean)].

ParametrizadoTest.nullEmptyAndBlankStrings(String)[3]  Time elapsed: 0 s  <<< ERROR!
org.junit.jupiter.api.extension.ParameterResolutionException: No ParameterResolver registered for parameter [java.lang.String entrada] in constructor [public ParametrizadoTest(java.lang.String,boolean)].

ParametrizadoTest.divisibleByThree(int)[1]  Time elapsed: 0 s  <<< ERROR!
org.junit.jupiter.api.extension.ParameterResolutionException: No ParameterResolver registered for parameter [java.lang.String entrada] in constructor [public ParametrizadoTest(java.lang.String,boolean)].

ParametrizadoTest.divisibleByThree(int)[2]  Time elapsed: 0 s  <<< ERROR!
org.junit.jupiter.api.extension.ParameterResolutionException: No ParameterResolver registered for parameter [java.lang.String entrada] in constructor [public ParametrizadoTest(java.lang.String,boolean)].

ParametrizadoTest.divisibleByThree(int)[3]  Time elapsed: 0 s  <<< ERROR!
org.junit.jupiter.api.extension.ParameterResolutionException: No ParameterResolver registered for parameter [java.lang.String entrada] in constructor [public ParametrizadoTest(java.lang.String,boolean)].

